[    1414ms] [WARNING] THREE.THREE.Clock: This module has been deprecated. Please use THREE.Timer instead. @ http://localhost:3000/_next/static/chunks/node_modules_next_dist_f3530cac._.js:2297
[  452364ms] [ERROR] Failed to load resource: net::ERR_INCOMPLETE_CHUNKED_ENCODING @ http://localhost:4000/api/v1/dashboard/events?task_limit=120&pending_approval_limit=30&running_task_limit=40&poll_ms=250&timeout_ms=110000:0
[  453368ms] [ERROR] Failed to load resource: net::ERR_CONNECTION_REFUSED @ http://localhost:4000/api/v1/dashboard/overview?task_limit=120&pending_approval_limit=30&running_task_limit=40:0
[  453368ms] [ERROR] Failed to load resource: net::ERR_CONNECTION_REFUSED @ http://localhost:4000/api/v1/dashboard/events?task_limit=120&pending_approval_limit=30&running_task_limit=40&poll_ms=250&timeout_ms=110000:0
[  454370ms] [ERROR] Failed to load resource: net::ERR_CONNECTION_REFUSED @ http://localhost:4000/api/v1/dashboard/overview?task_limit=120&pending_approval_limit=30&running_task_limit=40:0
[  454370ms] [ERROR] Failed to load resource: net::ERR_CONNECTION_REFUSED @ http://localhost:4000/api/v1/dashboard/events?task_limit=120&pending_approval_limit=30&running_task_limit=40&poll_ms=250&timeout_ms=110000:0
[  455372ms] [ERROR] Failed to load resource: net::ERR_CONNECTION_REFUSED @ http://localhost:4000/api/v1/dashboard/overview?task_limit=120&pending_approval_limit=30&running_task_limit=40:0
[  455373ms] [ERROR] Failed to load resource: net::ERR_CONNECTION_REFUSED @ http://localhost:4000/api/v1/dashboard/events?task_limit=120&pending_approval_limit=30&running_task_limit=40&poll_ms=250&timeout_ms=110000:0
[  456375ms] [ERROR] Failed to load resource: net::ERR_CONNECTION_REFUSED @ http://localhost:4000/api/v1/dashboard/overview?task_limit=120&pending_approval_limit=30&running_task_limit=40:0
[  456376ms] [ERROR] Failed to load resource: net::ERR_CONNECTION_REFUSED @ http://localhost:4000/api/v1/dashboard/events?task_limit=120&pending_approval_limit=30&running_task_limit=40&poll_ms=250&timeout_ms=110000:0
[  457381ms] [ERROR] Failed to load resource: net::ERR_CONNECTION_REFUSED @ http://localhost:4000/api/v1/dashboard/overview?task_limit=120&pending_approval_limit=30&running_task_limit=40:0
[  457381ms] [ERROR] Failed to load resource: net::ERR_CONNECTION_REFUSED @ http://localhost:4000/api/v1/dashboard/events?task_limit=120&pending_approval_limit=30&running_task_limit=40&poll_ms=250&timeout_ms=110000:0
[  458383ms] [ERROR] Failed to load resource: net::ERR_CONNECTION_REFUSED @ http://localhost:4000/api/v1/dashboard/overview?task_limit=120&pending_approval_limit=30&running_task_limit=40:0
[  458384ms] [ERROR] Failed to load resource: net::ERR_CONNECTION_REFUSED @ http://localhost:4000/api/v1/dashboard/events?task_limit=120&pending_approval_limit=30&running_task_limit=40&poll_ms=250&timeout_ms=110000:0
[  459388ms] [ERROR] Failed to load resource: net::ERR_CONNECTION_REFUSED @ http://localhost:4000/api/v1/dashboard/overview?task_limit=120&pending_approval_limit=30&running_task_limit=40:0
[  459388ms] [ERROR] Failed to load resource: net::ERR_CONNECTION_REFUSED @ http://localhost:4000/api/v1/dashboard/events?task_limit=120&pending_approval_limit=30&running_task_limit=40&poll_ms=250&timeout_ms=110000:0
[  460392ms] [ERROR] Failed to load resource: net::ERR_CONNECTION_REFUSED @ http://localhost:4000/api/v1/dashboard/events?task_limit=120&pending_approval_limit=30&running_task_limit=40&poll_ms=250&timeout_ms=110000:0
[  460392ms] [ERROR] Failed to load resource: net::ERR_CONNECTION_REFUSED @ http://localhost:4000/api/v1/dashboard/overview?task_limit=120&pending_approval_limit=30&running_task_limit=40:0
[  461397ms] [ERROR] Failed to load resource: net::ERR_CONNECTION_REFUSED @ http://localhost:4000/api/v1/dashboard/overview?task_limit=120&pending_approval_limit=30&running_task_limit=40:0
[  461398ms] [ERROR] Failed to load resource: net::ERR_CONNECTION_REFUSED @ http://localhost:4000/api/v1/dashboard/events?task_limit=120&pending_approval_limit=30&running_task_limit=40&poll_ms=250&timeout_ms=110000:0
[ 1454116ms] [ERROR] Failed to load resource: net::ERR_INCOMPLETE_CHUNKED_ENCODING @ http://localhost:4000/api/v1/dashboard/events?task_limit=120&pending_approval_limit=30&running_task_limit=40&poll_ms=250&timeout_ms=110000:0
[ 1487275ms] [ERROR] Failed to load resource: net::ERR_INCOMPLETE_CHUNKED_ENCODING @ http://localhost:4000/api/v1/dashboard/events?task_limit=120&pending_approval_limit=30&running_task_limit=40&poll_ms=250&timeout_ms=110000:0
[ 1495953ms] [ERROR] Failed to load resource: net::ERR_INCOMPLETE_CHUNKED_ENCODING @ http://localhost:4000/api/v1/dashboard/events?task_limit=120&pending_approval_limit=30&running_task_limit=40&poll_ms=250&timeout_ms=110000:0
[ 1496964ms] [ERROR] Failed to load resource: net::ERR_CONNECTION_REFUSED @ http://localhost:4000/api/v1/dashboard/overview?task_limit=120&pending_approval_limit=30&running_task_limit=40:0
[ 1496965ms] [ERROR] Failed to load resource: net::ERR_CONNECTION_REFUSED @ http://localhost:4000/api/v1/dashboard/events?task_limit=120&pending_approval_limit=30&running_task_limit=40&poll_ms=250&timeout_ms=110000:0
[ 1613586ms] [ERROR] Failed to load resource: net::ERR_INCOMPLETE_CHUNKED_ENCODING @ http://localhost:4000/api/v1/dashboard/events?task_limit=120&pending_approval_limit=30&running_task_limit=40&poll_ms=250&timeout_ms=110000:0
[ 1614595ms] [ERROR] Failed to load resource: net::ERR_CONNECTION_REFUSED @ http://localhost:4000/api/v1/dashboard/overview?task_limit=120&pending_approval_limit=30&running_task_limit=40:0
[ 1614595ms] [ERROR] Failed to load resource: net::ERR_CONNECTION_REFUSED @ http://localhost:4000/api/v1/dashboard/events?task_limit=120&pending_approval_limit=30&running_task_limit=40&poll_ms=250&timeout_ms=110000:0
[ 1615597ms] [ERROR] Failed to load resource: net::ERR_CONNECTION_REFUSED @ http://localhost:4000/api/v1/dashboard/overview?task_limit=120&pending_approval_limit=30&running_task_limit=40:0
[ 1615598ms] [ERROR] Failed to load resource: net::ERR_CONNECTION_REFUSED @ http://localhost:4000/api/v1/dashboard/events?task_limit=120&pending_approval_limit=30&running_task_limit=40&poll_ms=250&timeout_ms=110000:0
[ 1616601ms] [ERROR] Failed to load resource: net::ERR_CONNECTION_REFUSED @ http://localhost:4000/api/v1/dashboard/overview?task_limit=120&pending_approval_limit=30&running_task_limit=40:0
[ 1616601ms] [ERROR] Failed to load resource: net::ERR_CONNECTION_REFUSED @ http://localhost:4000/api/v1/dashboard/events?task_limit=120&pending_approval_limit=30&running_task_limit=40&poll_ms=250&timeout_ms=110000:0
[ 1617603ms] [ERROR] Failed to load resource: net::ERR_CONNECTION_REFUSED @ http://localhost:4000/api/v1/dashboard/overview?task_limit=120&pending_approval_limit=30&running_task_limit=40:0
[ 1617603ms] [ERROR] Failed to load resource: net::ERR_CONNECTION_REFUSED @ http://localhost:4000/api/v1/dashboard/events?task_limit=120&pending_approval_limit=30&running_task_limit=40&poll_ms=250&timeout_ms=110000:0
[ 1618606ms] [ERROR] Failed to load resource: net::ERR_CONNECTION_REFUSED @ http://localhost:4000/api/v1/dashboard/overview?task_limit=120&pending_approval_limit=30&running_task_limit=40:0
[ 1618606ms] [ERROR] Failed to load resource: net::ERR_CONNECTION_REFUSED @ http://localhost:4000/api/v1/dashboard/events?task_limit=120&pending_approval_limit=30&running_task_limit=40&poll_ms=250&timeout_ms=110000:0
