[    1008ms] [WARNING] THREE.THREE.Clock: This module has been deprecated. Please use THREE.Timer instead. @ http://localhost:3000/_next/static/chunks/node_modules_next_dist_f3530cac._.js:2297
[   17056ms] [WARNING] THREE.THREE.Clock: This module has been deprecated. Please use THREE.Timer instead. @ http://localhost:3000/_next/static/chunks/node_modules_next_dist_f3530cac._.js:2297
[  186114ms] [ERROR] Failed to load resource: the server responded with a status of 404 (Not Found) @ http://localhost:3000/api/v1/auth/me:0
[  456709ms] [ERROR] Failed to load resource: net::ERR_INCOMPLETE_CHUNKED_ENCODING @ http://localhost:4000/api/v1/dashboard/events?task_limit=120&pending_approval_limit=30&running_task_limit=40&poll_ms=250&timeout_ms=110000:0
[  457719ms] [ERROR] Failed to load resource: net::ERR_CONNECTION_REFUSED @ http://localhost:4000/api/v1/dashboard/overview?task_limit=120&pending_approval_limit=30&running_task_limit=40:0
[  457719ms] [ERROR] Failed to load resource: net::ERR_CONNECTION_REFUSED @ http://localhost:4000/api/v1/dashboard/events?task_limit=120&pending_approval_limit=30&running_task_limit=40&poll_ms=250&timeout_ms=110000:0
[  458725ms] [ERROR] Failed to load resource: net::ERR_CONNECTION_REFUSED @ http://localhost:4000/api/v1/dashboard/overview?task_limit=120&pending_approval_limit=30&running_task_limit=40:0
[  458726ms] [ERROR] Failed to load resource: net::ERR_CONNECTION_REFUSED @ http://localhost:4000/api/v1/dashboard/events?task_limit=120&pending_approval_limit=30&running_task_limit=40&poll_ms=250&timeout_ms=110000:0
[  459728ms] [ERROR] Failed to load resource: net::ERR_CONNECTION_REFUSED @ http://localhost:4000/api/v1/dashboard/overview?task_limit=120&pending_approval_limit=30&running_task_limit=40:0
[  459733ms] [ERROR] Failed to load resource: net::ERR_CONNECTION_REFUSED @ http://localhost:4000/api/v1/dashboard/events?task_limit=120&pending_approval_limit=30&running_task_limit=40&poll_ms=250&timeout_ms=110000:0
[  460737ms] [ERROR] Failed to load resource: net::ERR_CONNECTION_REFUSED @ http://localhost:4000/api/v1/dashboard/overview?task_limit=120&pending_approval_limit=30&running_task_limit=40:0
[  460737ms] [ERROR] Failed to load resource: net::ERR_CONNECTION_REFUSED @ http://localhost:4000/api/v1/dashboard/events?task_limit=120&pending_approval_limit=30&running_task_limit=40&poll_ms=250&timeout_ms=110000:0
[  461740ms] [ERROR] Failed to load resource: net::ERR_CONNECTION_REFUSED @ http://localhost:4000/api/v1/dashboard/overview?task_limit=120&pending_approval_limit=30&running_task_limit=40:0
[  461740ms] [ERROR] Failed to load resource: net::ERR_CONNECTION_REFUSED @ http://localhost:4000/api/v1/dashboard/events?task_limit=120&pending_approval_limit=30&running_task_limit=40&poll_ms=250&timeout_ms=110000:0
[  462741ms] [ERROR] Failed to load resource: net::ERR_CONNECTION_REFUSED @ http://localhost:4000/api/v1/dashboard/overview?task_limit=120&pending_approval_limit=30&running_task_limit=40:0
[  462741ms] [ERROR] Failed to load resource: net::ERR_CONNECTION_REFUSED @ http://localhost:4000/api/v1/dashboard/events?task_limit=120&pending_approval_limit=30&running_task_limit=40&poll_ms=250&timeout_ms=110000:0
[  463744ms] [ERROR] Failed to load resource: net::ERR_CONNECTION_REFUSED @ http://localhost:4000/api/v1/dashboard/overview?task_limit=120&pending_approval_limit=30&running_task_limit=40:0
[  463744ms] [ERROR] Failed to load resource: net::ERR_CONNECTION_REFUSED @ http://localhost:4000/api/v1/dashboard/events?task_limit=120&pending_approval_limit=30&running_task_limit=40&poll_ms=250&timeout_ms=110000:0
[  464746ms] [ERROR] Failed to load resource: net::ERR_CONNECTION_REFUSED @ http://localhost:4000/api/v1/dashboard/overview?task_limit=120&pending_approval_limit=30&running_task_limit=40:0
[  464746ms] [ERROR] Failed to load resource: net::ERR_CONNECTION_REFUSED @ http://localhost:4000/api/v1/dashboard/events?task_limit=120&pending_approval_limit=30&running_task_limit=40&poll_ms=250&timeout_ms=110000:0
[  465748ms] [ERROR] Failed to load resource: net::ERR_CONNECTION_REFUSED @ http://localhost:4000/api/v1/dashboard/events?task_limit=120&pending_approval_limit=30&running_task_limit=40&poll_ms=250&timeout_ms=110000:0
[  465748ms] [ERROR] Failed to load resource: net::ERR_CONNECTION_REFUSED @ http://localhost:4000/api/v1/dashboard/overview?task_limit=120&pending_approval_limit=30&running_task_limit=40:0
[  466751ms] [ERROR] Failed to load resource: net::ERR_CONNECTION_REFUSED @ http://localhost:4000/api/v1/dashboard/overview?task_limit=120&pending_approval_limit=30&running_task_limit=40:0
[  466752ms] [ERROR] Failed to load resource: net::ERR_CONNECTION_REFUSED @ http://localhost:4000/api/v1/dashboard/events?task_limit=120&pending_approval_limit=30&running_task_limit=40&poll_ms=250&timeout_ms=110000:0
[  467753ms] [ERROR] Failed to load resource: net::ERR_CONNECTION_REFUSED @ http://localhost:4000/api/v1/dashboard/overview?task_limit=120&pending_approval_limit=30&running_task_limit=40:0
[  467754ms] [ERROR] Failed to load resource: net::ERR_CONNECTION_REFUSED @ http://localhost:4000/api/v1/dashboard/events?task_limit=120&pending_approval_limit=30&running_task_limit=40&poll_ms=250&timeout_ms=110000:0
[  468756ms] [ERROR] Failed to load resource: net::ERR_CONNECTION_REFUSED @ http://localhost:4000/api/v1/dashboard/overview?task_limit=120&pending_approval_limit=30&running_task_limit=40:0
[  468756ms] [ERROR] Failed to load resource: net::ERR_CONNECTION_REFUSED @ http://localhost:4000/api/v1/dashboard/events?task_limit=120&pending_approval_limit=30&running_task_limit=40&poll_ms=250&timeout_ms=110000:0
[  469758ms] [ERROR] Failed to load resource: net::ERR_CONNECTION_REFUSED @ http://localhost:4000/api/v1/dashboard/overview?task_limit=120&pending_approval_limit=30&running_task_limit=40:0
[  469758ms] [ERROR] Failed to load resource: net::ERR_CONNECTION_REFUSED @ http://localhost:4000/api/v1/dashboard/events?task_limit=120&pending_approval_limit=30&running_task_limit=40&poll_ms=250&timeout_ms=110000:0
[  470762ms] [ERROR] Failed to load resource: net::ERR_CONNECTION_REFUSED @ http://localhost:4000/api/v1/dashboard/overview?task_limit=120&pending_approval_limit=30&running_task_limit=40:0
[  470762ms] [ERROR] Failed to load resource: net::ERR_CONNECTION_REFUSED @ http://localhost:4000/api/v1/dashboard/events?task_limit=120&pending_approval_limit=30&running_task_limit=40&poll_ms=250&timeout_ms=110000:0
[  471764ms] [ERROR] Failed to load resource: net::ERR_CONNECTION_REFUSED @ http://localhost:4000/api/v1/dashboard/overview?task_limit=120&pending_approval_limit=30&running_task_limit=40:0
[  471764ms] [ERROR] Failed to load resource: net::ERR_CONNECTION_REFUSED @ http://localhost:4000/api/v1/dashboard/events?task_limit=120&pending_approval_limit=30&running_task_limit=40&poll_ms=250&timeout_ms=110000:0
[  472771ms] [ERROR] Failed to load resource: the server responded with a status of 401 (Unauthorized) @ http://localhost:4000/api/v1/dashboard/overview?task_limit=120&pending_approval_limit=30&running_task_limit=40:0
[  472772ms] [ERROR] Failed to load resource: the server responded with a status of 401 (Unauthorized) @ http://localhost:4000/api/v1/dashboard/events?task_limit=120&pending_approval_limit=30&running_task_limit=40&poll_ms=250&timeout_ms=110000:0
[  473433ms] [WARNING] THREE.THREE.Clock: This module has been deprecated. Please use THREE.Timer instead. @ http://localhost:3000/_next/static/chunks/node_modules_next_dist_f3530cac._.js:2297
[ 1224353ms] [ERROR] WebSocket connection to 'ws://localhost:3000/_next/webpack-hmr?id=gLOGfefOCVWrj6QreZSig' failed: Error in connection establishment: net::ERR_CONNECTION_REFUSED @ http://localhost:3000/_next/static/chunks/node_modules_next_dist_client_17643121._.js:10878
[ 1225355ms] [ERROR] WebSocket connection to 'ws://localhost:3000/_next/webpack-hmr?id=gLOGfefOCVWrj6QreZSig' failed: Error in connection establishment: net::ERR_CONNECTION_REFUSED @ http://localhost:3000/_next/static/chunks/node_modules_next_dist_client_17643121._.js:10878
[ 1226357ms] [ERROR] WebSocket connection to 'ws://localhost:3000/_next/webpack-hmr?id=gLOGfefOCVWrj6QreZSig' failed: Error in connection establishment: net::ERR_CONNECTION_REFUSED @ http://localhost:3000/_next/static/chunks/node_modules_next_dist_client_17643121._.js:10878
[ 1227358ms] [ERROR] WebSocket connection to 'ws://localhost:3000/_next/webpack-hmr?id=gLOGfefOCVWrj6QreZSig' failed: Error in connection establishment: net::ERR_CONNECTION_REFUSED @ http://localhost:3000/_next/static/chunks/node_modules_next_dist_client_17643121._.js:10878
[ 1228363ms] [ERROR] WebSocket connection to 'ws://localhost:3000/_next/webpack-hmr?id=gLOGfefOCVWrj6QreZSig' failed: Error in connection establishment: net::ERR_CONNECTION_REFUSED @ http://localhost:3000/_next/static/chunks/node_modules_next_dist_client_17643121._.js:10878
[ 1233368ms] [ERROR] WebSocket connection to 'ws://localhost:3000/_next/webpack-hmr?id=gLOGfefOCVWrj6QreZSig' failed: Error in connection establishment: net::ERR_CONNECTION_REFUSED @ http://localhost:3000/_next/static/chunks/node_modules_next_dist_client_17643121._.js:10878
[ 1238377ms] [ERROR] WebSocket connection to 'ws://localhost:3000/_next/webpack-hmr?id=gLOGfefOCVWrj6QreZSig' failed: Error in connection establishment: net::ERR_CONNECTION_REFUSED @ http://localhost:3000/_next/static/chunks/node_modules_next_dist_client_17643121._.js:10878
[ 1243384ms] [ERROR] WebSocket connection to 'ws://localhost:3000/_next/webpack-hmr?id=gLOGfefOCVWrj6QreZSig' failed: Error in connection establishment: net::ERR_CONNECTION_REFUSED @ http://localhost:3000/_next/static/chunks/node_modules_next_dist_client_17643121._.js:10878
[ 1248421ms] [ERROR] WebSocket connection to 'ws://localhost:3000/_next/webpack-hmr?id=gLOGfefOCVWrj6QreZSig' failed: Error in connection establishment: net::ERR_CONNECTION_REFUSED @ http://localhost:3000/_next/static/chunks/node_modules_next_dist_client_17643121._.js:10878
[ 1253503ms] [ERROR] WebSocket connection to 'ws://localhost:3000/_next/webpack-hmr?id=gLOGfefOCVWrj6QreZSig' failed: Error in connection establishment: net::ERR_CONNECTION_REFUSED @ http://localhost:3000/_next/static/chunks/node_modules_next_dist_client_17643121._.js:10878
[ 1258649ms] [ERROR] WebSocket connection to 'ws://localhost:3000/_next/webpack-hmr?id=gLOGfefOCVWrj6QreZSig' failed: Error in connection establishment: net::ERR_CONNECTION_REFUSED @ http://localhost:3000/_next/static/chunks/node_modules_next_dist_client_17643121._.js:10878
[ 1263836ms] [ERROR] WebSocket connection to 'ws://localhost:3000/_next/webpack-hmr?id=gLOGfefOCVWrj6QreZSig' failed: Error in connection establishment: net::ERR_CONNECTION_REFUSED @ http://localhost:3000/_next/static/chunks/node_modules_next_dist_client_17643121._.js:10878
[ 4062194ms] [WARNING] THREE.THREE.Clock: This module has been deprecated. Please use THREE.Timer instead. @ http://localhost:3000/_next/static/chunks/node_modules_next_dist_f3530cac._.js:2297
